<?xml version="1.0" encoding="utf-8"?>
<TestRun id="a6a33ea6-8a4e-4d74-9818-d4eccdb6a6af" name="Dev@LAPTOP-S1LI204O 2026-03-24 10:02:16" runUser="LAPTOP-S1LI204O\Dev" xmlns="http://microsoft.com/schemas/VisualStudio/TeamTest/2010">
  <Times creation="2026-03-24T10:02:16.0657136+05:30" queuing="2026-03-24T10:02:16.0657141+05:30" start="2026-03-24T10:02:13.5206235+05:30" finish="2026-03-24T10:02:16.0796977+05:30" />
  <TestSettings name="default" id="1f10b134-0765-439c-b403-23b6e6c2f395">
    <Deployment runDeploymentRoot="Dev_LAPTOP-S1LI204O_2026-03-24_10_02_16" />
  </TestSettings>
  <Results>
    <UnitTestResult executionId="12ac8ea2-7066-4682-a8f4-f3cd4474eeb3" testId="34b52269-4b12-3e66-36eb-cf1f7e3bb9ce" testName="RetailERP.Tests.IntegrationTests.Health_ReturnsOk" computerName="LAPTOP-S1LI204O" duration="00:00:00.0010000" startTime="2026-03-24T10:02:15.9260276+05:30" endTime="2026-03-24T10:02:15.9260557+05:30" testType="13cdc9d9-ddb5-4fa4-a97d-d965ccfc6d4b" outcome="Failed" testListId="8c84fa94-04c1-424b-9868-57a2d4851a1d" relativeResultsDirectory="12ac8ea2-7066-4682-a8f4-f3cd4474eeb3">
      <Output>
        <ErrorInfo>
          <Message>System.InvalidOperationException : The server has not been started or no web application was configured.</Message>
          <StackTrace>   at Microsoft.AspNetCore.TestHost.TestServer.get_Application()&#xD;
   at Microsoft.AspNetCore.TestHost.TestServer.CreateHandler()&#xD;
   at Microsoft.AspNetCore.Mvc.Testing.WebApplicationFactory`1.CreateDefaultClient(DelegatingHandler[] handlers)&#xD;
   at Microsoft.AspNetCore.Mvc.Testing.WebApplicationFactory`1.CreateDefaultClient(Uri baseAddress, DelegatingHandler[] handlers)&#xD;
   at Microsoft.AspNetCore.Mvc.Testing.WebApplicationFactory`1.CreateClient(WebApplicationFactoryClientOptions options)&#xD;
   at RetailERP.Tests.IntegrationTests..ctor(CustomWebApplicationFactory factory) in C:\7th_Semester\RetailERP\RetailERP.Tests\IntegrationTests.cs:line 15&#xD;
   at System.RuntimeMethodHandle.InvokeMethod(Object target, Void** arguments, Signature sig, Boolean isConstructor)&#xD;
   at System.Reflection.MethodBaseInvoker.InvokeDirectByRefWithFewArgs(Object obj, Span`1 copyOfArgs, BindingFlags invokeAttr)</StackTrace>
        </ErrorInfo>
      </Output>
    </UnitTestResult>
  </Results>
  <TestDefinitions>
    <UnitTest name="RetailERP.Tests.IntegrationTests.Health_ReturnsOk" storage="c:\7th_semester\retailerp\retailerp.tests\bin\release\net8.0\retailerp.tests.dll" id="34b52269-4b12-3e66-36eb-cf1f7e3bb9ce">
      <Execution id="12ac8ea2-7066-4682-a8f4-f3cd4474eeb3" />
      <TestMethod codeBase="C:\7th_Semester\RetailERP\RetailERP.Tests\bin\Release\net8.0\RetailERP.Tests.dll" adapterTypeName="executor://xunit/VsTestRunner2/netcoreapp" className="RetailERP.Tests.IntegrationTests" name="Health_ReturnsOk" />
    </UnitTest>
  </TestDefinitions>
  <TestEntries>
    <TestEntry testId="34b52269-4b12-3e66-36eb-cf1f7e3bb9ce" executionId="12ac8ea2-7066-4682-a8f4-f3cd4474eeb3" testListId="8c84fa94-04c1-424b-9868-57a2d4851a1d" />
  </TestEntries>
  <TestLists>
    <TestList name="Results Not in a List" id="8c84fa94-04c1-424b-9868-57a2d4851a1d" />
    <TestList name="All Loaded Results" id="19431567-8539-422a-85d7-44ee4e166bda" />
  </TestLists>
  <ResultSummary outcome="Failed">
    <Counters total="1" executed="1" passed="0" failed="1" error="0" timeout="0" aborted="0" inconclusive="0" passedButRunAborted="0" notRunnable="0" notExecuted="0" disconnected="0" warning="0" completed="0" inProgress="0" pending="0" />
    <Output>
      <StdOut>[xUnit.net 00:00:00.00] xUnit.net VSTest Adapter v2.5.3.1+6b60a9e56a (64-bit .NET 8.0.6)&#xD;
[xUnit.net 00:00:00.14]   Discovering: RetailERP.Tests&#xD;
[xUnit.net 00:00:00.19]   Discovered:  RetailERP.Tests&#xD;
[xUnit.net 00:00:00.19]   Starting:    RetailERP.Tests&#xD;
[xUnit.net 00:00:01.79]       System.InvalidOperationException : The server has not been started or no web application was configured.&#xD;
[xUnit.net 00:00:01.80]       Stack Trace:&#xD;
[xUnit.net 00:00:01.80]            at Microsoft.AspNetCore.TestHost.TestServer.get_Application()&#xD;
[xUnit.net 00:00:01.80]            at Microsoft.AspNetCore.TestHost.TestServer.CreateHandler()&#xD;
[xUnit.net 00:00:01.80]            at Microsoft.AspNetCore.Mvc.Testing.WebApplicationFactory`1.CreateDefaultClient(DelegatingHandler[] handlers)&#xD;
[xUnit.net 00:00:01.80]            at Microsoft.AspNetCore.Mvc.Testing.WebApplicationFactory`1.CreateDefaultClient(Uri baseAddress, DelegatingHandler[] handlers)&#xD;
[xUnit.net 00:00:01.80]            at Microsoft.AspNetCore.Mvc.Testing.WebApplicationFactory`1.CreateClient(WebApplicationFactoryClientOptions options)&#xD;
[xUnit.net 00:00:01.80]         C:\7th_Semester\RetailERP\RetailERP.Tests\IntegrationTests.cs(15,0): at RetailERP.Tests.IntegrationTests..ctor(CustomWebApplicationFactory factory)&#xD;
[xUnit.net 00:00:01.80]            at System.RuntimeMethodHandle.InvokeMethod(Object target, Void** arguments, Signature sig, Boolean isConstructor)&#xD;
[xUnit.net 00:00:01.80]            at System.Reflection.MethodBaseInvoker.InvokeDirectByRefWithFewArgs(Object obj, Span`1 copyOfArgs, BindingFlags invokeAttr)&#xD;
[xUnit.net 00:00:01.81]   Finished:    RetailERP.Tests&#xD;
</StdOut>
    </Output>
    <RunInfos>
      <RunInfo computerName="LAPTOP-S1LI204O" outcome="Error" timestamp="2026-03-24T10:02:15.9223601+05:30">
        <Text>[xUnit.net 00:00:01.79]     RetailERP.Tests.IntegrationTests.Health_ReturnsOk [FAIL]</Text>
      </RunInfo>
    </RunInfos>
  </ResultSummary>
</TestRun>